2026-04-29 21:04:18.038 200 GET / (::1) 42.00ms
2026-04-29 21:04:18.084 200 GET /static/media/SourceSansVF-Upright.ttf.BsWL4Kly.woff2 (::1) 33.85ms
2026-04-29 21:04:18.111 200 GET /static/js/chunk.DuxOD-Sk.js (::1) 22.13ms
2026-04-29 21:04:18.140 200 GET /static/js/preload-helper.CoWfPq16.js (::1) 48.28ms
2026-04-29 21:04:18.181 200 GET /static/js/emotion-is-prop-valid.esm.DV_OErv-.js (::1) 88.33ms
2026-04-29 21:04:18.302 200 GET /static/js/emotion-styled.browser.esm.j1V2KkYw.js (::1) 210.03ms
2026-04-29 21:04:18.320 200 GET /static/css/katex.B5r0Qy_s.css (::1) 225.71ms
2026-04-29 21:04:18.456 200 GET /static/js/index.k-9rUdPI.js (::1) 152.34ms
2026-04-29 21:04:18.476 200 GET /static/css/index.D5HInCXB.css (::1) 18.79ms
2026-04-29 21:04:18.536 200 GET /static/js/getColors.BEaEwBzZ.js (::1) 76.02ms
2026-04-29 21:04:18.564 200 GET /static/js/assertNever.mU6MN8YK.js (::1) 105.38ms
2026-04-29 21:04:18.839 200 GET /static/js/protobuf.DYxUUxb3.js (::1) 379.95ms
2026-04-29 21:04:18.865 200 GET /static/js/isSymbol.CDgzX1Rm.js (::1) 405.05ms
2026-04-29 21:04:18.884 200 GET /static/js/toString.BkSzPhlJ.js (::1) 44.28ms
2026-04-29 21:04:18.912 200 GET /static/js/eq.BGqw_fW_.js (::1) 26.21ms
2026-04-29 21:04:18.952 200 GET /static/js/_toKey.IZoVG-B2.js (::1) 66.62ms
2026-04-29 21:04:19.006 200 GET /static/js/utils.DyQFaQ9q.js (::1) 119.28ms
2026-04-29 21:04:19.022 200 GET /static/js/isArguments.CEs-JkNn.js (::1) 134.47ms
2026-04-29 21:04:19.125 200 GET /static/js/isLength.Dot76Eow.js (::1) 237.34ms
2026-04-29 21:04:19.152 200 GET /static/js/_isIterateeCall.B_kjaL0b.js (::1) 129.55ms
2026-04-29 21:04:19.188 200 GET /static/js/loglevel.H4SN4KQm.js (::1) 34.21ms
2026-04-29 21:04:19.393 200 GET /static/js/utils.CU17Veq9.js (::1) 237.64ms
2026-04-29 21:04:19.419 200 GET /static/js/utils.DOkIMtzG.js (::1) 263.80ms
2026-04-29 21:04:19.466 200 GET /static/js/UriUtil.iHepHDsL.js (::1) 309.87ms
2026-04-29 21:04:19.492 200 GET /static/js/PortalContext.Bg1T10mv.js (::1) 336.36ms
2026-04-29 21:04:19.513 200 GET /static/js/useRequiredContext.C6MAk7EW.js (::1) 46.38ms
2026-04-29 21:04:19.542 200 GET /static/js/useWindowDimensionsContext.-OfdvZoJ.js (::1) 26.78ms
2026-04-29 21:04:19.568 200 GET /static/js/useEmotionTheme.C795Rarg.js (::1) 53.09ms
2026-04-29 21:04:19.619 200 GET /static/js/ErrorElement.xCwUz6pJ.js (::1) 104.12ms
2026-04-29 21:04:19.645 200 GET /static/js/DynamicIcon.D2luRNwf.js (::1) 128.87ms
2026-04-29 21:04:19.672 200 GET /static/js/FormClearHelper.DN2kTD-G.js (::1) 155.66ms
2026-04-29 21:04:19.696 200 GET /static/js/useTimeout.Bx6_cYZk.js (::1) 50.24ms
2026-04-29 21:04:19.850 200 GET /static/js/useCopyToClipboard.qxi5xnmv.js (::1) 152.29ms
2026-04-29 21:04:19.872 200 GET /static/js/useCrossOriginAttribute.CgfxJ_46.js (::1) 175.23ms
2026-04-29 21:04:19.908 200 GET /static/js/lib.CsmfjxBh.js (::1) 210.95ms
2026-04-29 21:04:19.942 200 GET /static/js/lib.CBj_K-OS.js (::1) 244.71ms
2026-04-29 21:04:20.044 200 GET /static/js/v4.Dwn3ecIa.js (::1) 346.07ms
2026-04-29 21:04:20.086 200 GET /static/js/space-separated-tokens.DQiA2tSI.js (::1) 143.66ms
2026-04-29 21:04:20.121 200 GET /static/js/katex.min.YR_J8GMy.js (::1) 32.69ms
2026-04-29 21:04:20.140 200 GET /static/js/_hasPath.DerTBTUd.js (::1) 51.61ms
2026-04-29 21:04:20.168 200 GET /static/js/lib.B_Qh5M3c.js (::1) 78.43ms
2026-04-29 21:04:20.391 200 GET /static/js/src.BnXM6qiK.js (::1) 299.64ms
2026-04-29 21:04:20.421 200 GET /static/js/possibleConstructorReturn.VpVYTsiS.js (::1) 329.56ms
2026-04-29 21:04:20.506 200 GET /_stcore/health (::1) 4.86ms
2026-04-29 21:04:20.512 200 GET /_stcore/host-config (::1) 1.62ms
2026-04-29 21:04:20.539 200 GET /favicon.png (::1) 4.13ms
2026-04-29 21:04:20.574 101 GET /_stcore/stream (::1) 10.53ms
2026-04-29 21:04:21.176 200 GET /static/js/rehype-raw.Dgaibtrn.js (::1) 451.45ms
2026-04-29 21:04:22.973 200 GET /static/js/lib.Cv6eTW_C.js (::1) 1796.44ms
2026-04-29 21:04:23.004 200 GET /static/js/remark-emoji.DuJHwH0n.js (::1) 1826.92ms
2026-04-29 21:04:23.026 200 GET /static/js/web-namespaces.aHXsjywx.js (::1) 1848.20ms
2026-04-29 21:04:23.061 200 GET /static/js/hastscript.DafCiGgE.js (::1) 1882.97ms
2026-04-29 21:04:23.190 200 GET /static/js/Checkbox.Czpn5mOz.js (::1) 20.76ms
2026-04-29 21:04:23.207 200 GET /static/js/useBasicWidgetState.eEcmgPXG.js (::1) 16.83ms
2026-04-29 21:04:23.226 200 GET /static/js/inputUtils.Byd2SrPo.js (::1) 16.89ms
2026-04-29 21:04:23.261 200 GET /static/js/checkbox.BKzSOQIB.js (::1) 52.23ms
2026-04-29 21:04:23.318 200 GET /static/js/input.DBFWi917.js (::1) 91.60ms
2026-04-29 21:04:23.355 200 GET /static/js/TextInput.BR_ERkRL.js (::1) 93.24ms
2026-04-29 21:04:23.382 200 GET /static/js/useUpdateUiValue.4BpllAT6.js (::1) 120.03ms
2026-04-29 21:04:23.408 200 GET /static/js/InputInstructions.PWNfQco1.js (::1) 145.85ms
2026-04-29 21:04:23.425 200 GET /static/media/SourceCodeVF-Upright.ttf.BjWn63N-.woff2 (::1) 15.33ms
2026-04-29 21:04:23.485 200 GET /static/js/base-input.BCpWsOz-.js (::1) 58.69ms
2026-04-29 21:04:23.513 200 GET /static/js/FormSubmitContent.CetWAxjW.js (::1) 75.25ms
2026-04-29 21:04:23.534 200 GET /static/js/iconPosition.CdmCI0sD.js (::1) 94.63ms
2026-04-29 21:04:23.560 200 GET /static/js/Button.Hj_dGHW6.js (::1) 120.80ms
2026-04-29 21:04:23.562 200 GET /static/media/MaterialSymbols-Rounded.BK8hQpFn.woff2 (::1) 151.42ms
